app/build/intermediates/manifest_merge_blame_file/debug/manifest-merger-blame-debug-report.txt
1<?xml version="1.0" encoding="utf-8"?>
2<manifest xmlns:android="http://schemas.android.com/apk/res/android"
3    package="com.boss.universal"
4    android:versionCode="12"
5    android:versionName="12-Final-Universal" >
6
7    <uses-sdk
8        android:minSdkVersion="26"
9        android:targetSdkVersion="34" />
10
11    <uses-permission android:name="android.permission.INTERNET" />
11-->src/main/AndroidManifest.xml:2:1-62
11-->src/main/AndroidManifest.xml:2:18-60
12    <uses-permission android:name="android.permission.FOREGROUND_SERVICE" />
12-->src/main/AndroidManifest.xml:3:1-72
12-->src/main/AndroidManifest.xml:3:18-70
13    <uses-permission android:name="android.permission.POST_NOTIFICATIONS" />
13-->src/main/AndroidManifest.xml:4:1-72
13-->src/main/AndroidManifest.xml:4:18-70
14    <uses-permission android:name="android.permission.FOREGROUND_SERVICE_SPECIAL_USE" />
14-->src/main/AndroidManifest.xml:5:1-84
14-->src/main/AndroidManifest.xml:5:18-82
15
16    <application
16-->src/main/AndroidManifest.xml:6:1-10:15
17        android:allowBackup="false"
17-->src/main/AndroidManifest.xml:6:14-41
18        android:debuggable="true"
19        android:extractNativeLibs="false"
20        android:icon="@mipmap/ic_launcher"
20-->src/main/AndroidManifest.xml:6:42-76
21        android:label="Boss Universal"
21-->src/main/AndroidManifest.xml:6:77-107
22        android:theme="@android:style/Theme.DeviceDefault.Light" >
22-->src/main/AndroidManifest.xml:6:108-164
23        <activity
23-->src/main/AndroidManifest.xml:7:1-216
24            android:name="com.boss.universal.MainActivity"
24-->src/main/AndroidManifest.xml:7:11-39
25            android:exported="true" >
25-->src/main/AndroidManifest.xml:7:40-63
26            <intent-filter>
26-->src/main/AndroidManifest.xml:7:64-205
27                <action android:name="android.intent.action.MAIN" />
27-->src/main/AndroidManifest.xml:7:79-130
27-->src/main/AndroidManifest.xml:7:87-128
28
29                <category android:name="android.intent.category.LAUNCHER" />
29-->src/main/AndroidManifest.xml:7:130-189
29-->src/main/AndroidManifest.xml:7:140-187
30            </intent-filter>
31        </activity>
32
33        <service
33-->src/main/AndroidManifest.xml:8:1-211
34            android:name="com.boss.universal.BlockVpnService"
34-->src/main/AndroidManifest.xml:8:10-41
35            android:exported="true"
35-->src/main/AndroidManifest.xml:8:99-122
36            android:permission="android.permission.BIND_VPN_SERVICE" >
36-->src/main/AndroidManifest.xml:8:42-98
37            <intent-filter>
37-->src/main/AndroidManifest.xml:8:123-201
38                <action android:name="android.net.VpnService" />
38-->src/main/AndroidManifest.xml:8:138-185
38-->src/main/AndroidManifest.xml:8:146-183
39            </intent-filter>
40        </service>
41        <service
41-->src/main/AndroidManifest.xml:9:1-369
42            android:name="com.boss.universal.AdBlockAccessibilityService"
42-->src/main/AndroidManifest.xml:9:10-53
43            android:exported="true"
43-->src/main/AndroidManifest.xml:9:121-144
44            android:permission="android.permission.BIND_ACCESSIBILITY_SERVICE" >
44-->src/main/AndroidManifest.xml:9:54-120
45            <intent-filter>
45-->src/main/AndroidManifest.xml:9:145-250
46                <action android:name="android.accessibilityservice.AccessibilityService" />
46-->src/main/AndroidManifest.xml:9:160-234
46-->src/main/AndroidManifest.xml:9:168-232
47            </intent-filter>
48
49            <meta-data
49-->src/main/AndroidManifest.xml:9:250-359
50                android:name="android.accessibilityservice"
50-->src/main/AndroidManifest.xml:9:261-304
51                android:resource="@xml/accessibility_service_config" />
51-->src/main/AndroidManifest.xml:9:305-357
52        </service>
53    </application>
54
55</manifest>